0 info it worked if it ends with ok
1 verbose cli [ '/usr/bin/nodejs', '/usr/bin/npm', 'start' ]
2 info using npm@3.10.3
3 info using node@v6.6.0
4 verbose config Skipping project config: /home/tiago/.npmrc. (matches userconfig)
5 verbose stack Error: ENOENT: no such file or directory, open '/home/tiago/package.json'
5 verbose stack     at Error (native)
6 verbose cwd /home/tiago/Documentos/projetochAPI
7 error Linux 3.16.0-4-amd64
8 error argv "/usr/bin/nodejs" "/usr/bin/npm" "start"
9 error node v6.6.0
10 error npm  v3.10.3
11 error path /home/tiago/package.json
12 error code ENOENT
13 error errno -2
14 error syscall open
15 error enoent ENOENT: no such file or directory, open '/home/tiago/package.json'
16 error enoent ENOENT: no such file or directory, open '/home/tiago/package.json'
16 error enoent This is most likely not a problem with npm itself
16 error enoent and is related to npm not being able to find a file.
17 verbose exit [ -2, true ]
